{"level":"info","message":"init","timestamp":"2022-07-08 11:36:30 AM +0200"}
{"level":"info","message":"init","timestamp":"2022-07-08 11:40:19 AM +0200"}
{"level":"info","message":"init","timestamp":"2022-07-08 11:58:58 AM +0200"}
{"level":"info","message":"init","timestamp":"2022-07-08 11:59:41 AM +0200"}
{"level":"info","message":"deteleSauce","timestamp":"2022-07-08 11:59:57 AM +0200"}
{"level":"info","message":"init","timestamp":"2022-07-08 12:02:13 PM +0200"}
{"level":"info","message":"init","timestamp":"2022-07-08 12:21:54 PM +0200"}
{"level":"info","message":"init","timestamp":"2022-07-10 07:45:21 PM +0200"}
{"level":"info","message":"c31f0b35965aa1678bf53540ee75e9b56c9cf7e3dc1f218c26bfa849f060e819","timestamp":"2022-07-10 07:45:44 PM +0200"}
{"level":"info","message":"\"y>'@J9kC`gu]]Rz)!bN<m)JBTPC)Bfv4/+LePQ<(_aW+Xrww6HL;=\\2yxyZD=SZ7\"%'","timestamp":"2022-07-10 07:45:44 PM +0200"}
{"level":"info","message":"samy2620","timestamp":"2022-07-10 07:45:44 PM +0200"}
{"level":"info","message":"$2b$10$RRxTHj.5nB8Juv0ma0xZpuUAqHTOCUUrNKKDM1wylH8nRPDqEZ7gq","timestamp":"2022-07-10 07:45:44 PM +0200"}
{"level":"info","message":"init","timestamp":"2022-07-10 07:48:01 PM +0200"}
{"level":"info","message":"init","timestamp":"2022-07-10 07:48:15 PM +0200"}
{"level":"info","message":"init","timestamp":"2022-07-10 07:56:14 PM +0200"}
{"level":"info","message":"signup","timestamp":"2022-07-10 07:56:56 PM +0200"}
{"level":"info","message":"54c33487ffbc16e2e8c8519714aee82014798ee1bf7f046b7f7ec1a955bbe07a","timestamp":"2022-07-10 07:56:56 PM +0200"}
{"level":"info","message":"\"y>'@J9kC`gu]]Rz)!bN<m)JBTPC)Bfv4/+LePQ<(_aW+Xrww6HL;=\\2yxyZD=SZ7\"%'","timestamp":"2022-07-10 07:56:56 PM +0200"}
{"level":"info","message":"Azerty1234+","timestamp":"2022-07-10 07:56:56 PM +0200"}
{"level":"info","message":"$2b$10$VecajPoEdNUM1cNfCUMZg.PuPjW8POVbPCA8SQd2hLDGIx12h1ru2","timestamp":"2022-07-10 07:56:56 PM +0200"}
{"level":"info","message":"817501bf20ef4f768ed4fbae1c5b04f52a566618612ed41ab40fc04f56650f6e","timestamp":"2022-07-10 07:57:53 PM +0200"}
{"level":"info","message":"\"y>'@J9kC`gu]]Rz)!bN<m)JBTPC)Bfv4/+LePQ<(_aW+Xrww6HL;=\\2yxyZD=SZ7\"%'","timestamp":"2022-07-10 07:57:53 PM +0200"}
{"level":"info","message":"817501bf20ef4f768ed4fbae1c5b04f52a566618612ed41ab40fc04f56650f6e","timestamp":"2022-07-10 07:57:56 PM +0200"}
{"level":"info","message":"\"y>'@J9kC`gu]]Rz)!bN<m)JBTPC)Bfv4/+LePQ<(_aW+Xrww6HL;=\\2yxyZD=SZ7\"%'","timestamp":"2022-07-10 07:57:56 PM +0200"}
{"level":"info","message":"817501bf20ef4f768ed4fbae1c5b04f52a566618612ed41ab40fc04f56650f6e","timestamp":"2022-07-10 07:57:59 PM +0200"}
{"level":"info","message":"\"y>'@J9kC`gu]]Rz)!bN<m)JBTPC)Bfv4/+LePQ<(_aW+Xrww6HL;=\\2yxyZD=SZ7\"%'","timestamp":"2022-07-10 07:57:59 PM +0200"}
{"level":"info","message":"817501bf20ef4f768ed4fbae1c5b04f52a566618612ed41ab40fc04f56650f6e","timestamp":"2022-07-10 07:58:11 PM +0200"}
{"level":"info","message":"\"y>'@J9kC`gu]]Rz)!bN<m)JBTPC)Bfv4/+LePQ<(_aW+Xrww6HL;=\\2yxyZD=SZ7\"%'","timestamp":"2022-07-10 07:58:11 PM +0200"}
{"level":"info","message":"c31f0b35965aa1678bf53540ee75e9b56c9cf7e3dc1f218c26bfa849f060e819","timestamp":"2022-07-10 07:58:35 PM +0200"}
{"level":"info","message":"\"y>'@J9kC`gu]]Rz)!bN<m)JBTPC)Bfv4/+LePQ<(_aW+Xrww6HL;=\\2yxyZD=SZ7\"%'","timestamp":"2022-07-10 07:58:35 PM +0200"}
{"level":"info","message":"c31f0b35965aa1678bf53540ee75e9b56c9cf7e3dc1f218c26bfa849f060e819","timestamp":"2022-07-10 07:58:40 PM +0200"}
{"level":"info","message":"\"y>'@J9kC`gu]]Rz)!bN<m)JBTPC)Bfv4/+LePQ<(_aW+Xrww6HL;=\\2yxyZD=SZ7\"%'","timestamp":"2022-07-10 07:58:40 PM +0200"}
{"level":"info","message":"7a51a97303ab3edc3dd6062e79be2168eaea1a82f6188a6da6c1ba3f3b66dd04","timestamp":"2022-07-10 07:59:16 PM +0200"}
{"level":"info","message":"\"y>'@J9kC`gu]]Rz)!bN<m)JBTPC)Bfv4/+LePQ<(_aW+Xrww6HL;=\\2yxyZD=SZ7\"%'","timestamp":"2022-07-10 07:59:16 PM +0200"}
{"level":"info","message":"7a51a97303ab3edc3dd6062e79be2168eaea1a82f6188a6da6c1ba3f3b66dd04","timestamp":"2022-07-10 07:59:18 PM +0200"}
{"level":"info","message":"\"y>'@J9kC`gu]]Rz)!bN<m)JBTPC)Bfv4/+LePQ<(_aW+Xrww6HL;=\\2yxyZD=SZ7\"%'","timestamp":"2022-07-10 07:59:18 PM +0200"}
{"level":"info","message":"7a51a97303ab3edc3dd6062e79be2168eaea1a82f6188a6da6c1ba3f3b66dd04","timestamp":"2022-07-10 07:59:20 PM +0200"}
{"level":"info","message":"\"y>'@J9kC`gu]]Rz)!bN<m)JBTPC)Bfv4/+LePQ<(_aW+Xrww6HL;=\\2yxyZD=SZ7\"%'","timestamp":"2022-07-10 07:59:20 PM +0200"}
{"level":"info","message":"7a51a97303ab3edc3dd6062e79be2168eaea1a82f6188a6da6c1ba3f3b66dd04","timestamp":"2022-07-10 07:59:30 PM +0200"}
{"level":"info","message":"\"y>'@J9kC`gu]]Rz)!bN<m)JBTPC)Bfv4/+LePQ<(_aW+Xrww6HL;=\\2yxyZD=SZ7\"%'","timestamp":"2022-07-10 07:59:30 PM +0200"}
{"level":"info","message":"7a51a97303ab3edc3dd6062e79be2168eaea1a82f6188a6da6c1ba3f3b66dd04","timestamp":"2022-07-10 07:59:53 PM +0200"}
{"level":"info","message":"\"y>'@J9kC`gu]]Rz)!bN<m)JBTPC)Bfv4/+LePQ<(_aW+Xrww6HL;=\\2yxyZD=SZ7\"%'","timestamp":"2022-07-10 07:59:53 PM +0200"}
{"level":"info","message":"init","timestamp":"2022-07-10 08:00:26 PM +0200"}
{"level":"info","message":"c31f0b35965aa1678bf53540ee75e9b56c9cf7e3dc1f218c26bfa849f060e819","timestamp":"2022-07-10 08:00:27 PM +0200"}
{"level":"info","message":"\"y>'@J9kC`gu]]Rz)!bN<m)JBTPC)Bfv4/+LePQ<(_aW+Xrww6HL;=\\2yxyZD=SZ7\"%'","timestamp":"2022-07-10 08:00:27 PM +0200"}
{"level":"info","message":"c31f0b35965aa1678bf53540ee75e9b56c9cf7e3dc1f218c26bfa849f060e819","timestamp":"2022-07-10 08:01:15 PM +0200"}
{"level":"info","message":"\"y>'@J9kC`gu]]Rz)!bN<m)JBTPC)Bfv4/+LePQ<(_aW+Xrww6HL;=\\2yxyZD=SZ7\"%'","timestamp":"2022-07-10 08:01:15 PM +0200"}
{"level":"info","message":"Azerty1452+","timestamp":"2022-07-10 08:01:15 PM +0200"}
{"level":"info","message":"$2b$10$NaBk0jVvyNLe5livij0FnOZKIpq/FD6aYO3hFS8Mui7cBqigC.pvq","timestamp":"2022-07-10 08:01:15 PM +0200"}
{"level":"info","message":"c31f0b35965aa1678bf53540ee75e9b56c9cf7e3dc1f218c26bfa849f060e819","timestamp":"2022-07-10 08:01:27 PM +0200"}
{"level":"info","message":"\"y>'@J9kC`gu]]Rz)!bN<m)JBTPC)Bfv4/+LePQ<(_aW+Xrww6HL;=\\2yxyZD=SZ7\"%'","timestamp":"2022-07-10 08:01:27 PM +0200"}
{"level":"info","message":"samy2620","timestamp":"2022-07-10 08:01:27 PM +0200"}
{"level":"info","message":"$2b$10$NaBk0jVvyNLe5livij0FnOZKIpq/FD6aYO3hFS8Mui7cBqigC.pvq","timestamp":"2022-07-10 08:01:27 PM +0200"}
{"level":"info","message":"c31f0b35965aa1678bf53540ee75e9b56c9cf7e3dc1f218c26bfa849f060e819","timestamp":"2022-07-10 08:01:33 PM +0200"}
{"level":"info","message":"\"y>'@J9kC`gu]]Rz)!bN<m)JBTPC)Bfv4/+LePQ<(_aW+Xrww6HL;=\\2yxyZD=SZ7\"%'","timestamp":"2022-07-10 08:01:33 PM +0200"}
{"level":"info","message":"Azerty124+","timestamp":"2022-07-10 08:01:33 PM +0200"}
{"level":"info","message":"$2b$10$NaBk0jVvyNLe5livij0FnOZKIpq/FD6aYO3hFS8Mui7cBqigC.pvq","timestamp":"2022-07-10 08:01:33 PM +0200"}
{"level":"info","message":"c31f0b35965aa1678bf53540ee75e9b56c9cf7e3dc1f218c26bfa849f060e819","timestamp":"2022-07-10 08:01:36 PM +0200"}
{"level":"info","message":"\"y>'@J9kC`gu]]Rz)!bN<m)JBTPC)Bfv4/+LePQ<(_aW+Xrww6HL;=\\2yxyZD=SZ7\"%'","timestamp":"2022-07-10 08:01:36 PM +0200"}
{"level":"info","message":"Azerty1245+","timestamp":"2022-07-10 08:01:36 PM +0200"}
{"level":"info","message":"$2b$10$NaBk0jVvyNLe5livij0FnOZKIpq/FD6aYO3hFS8Mui7cBqigC.pvq","timestamp":"2022-07-10 08:01:36 PM +0200"}
{"level":"info","message":"c31f0b35965aa1678bf53540ee75e9b56c9cf7e3dc1f218c26bfa849f060e819","timestamp":"2022-07-10 08:01:58 PM +0200"}
{"level":"info","message":"\"y>'@J9kC`gu]]Rz)!bN<m)JBTPC)Bfv4/+LePQ<(_aW+Xrww6HL;=\\2yxyZD=SZ7\"%'","timestamp":"2022-07-10 08:01:58 PM +0200"}
{"level":"info","message":"Azerty1234+","timestamp":"2022-07-10 08:01:58 PM +0200"}
{"level":"info","message":"$2b$10$SCV7Jkf9rUKCKJqXh5y4peXPqA88WdX51Wa5fZib4WYTvd8JxlPm6","timestamp":"2022-07-10 08:01:58 PM +0200"}
{"level":"info","message":"c31f0b35965aa1678bf53540ee75e9b56c9cf7e3dc1f218c26bfa849f060e819","timestamp":"2022-07-10 08:02:15 PM +0200"}
{"level":"info","message":"\"y>'@J9kC`gu]]Rz)!bN<m)JBTPC)Bfv4/+LePQ<(_aW+Xrww6HL;=\\2yxyZD=SZ7\"%'","timestamp":"2022-07-10 08:02:15 PM +0200"}
{"level":"info","message":"Azerty1234+","timestamp":"2022-07-10 08:02:15 PM +0200"}
{"level":"info","message":"$2b$10$SCV7Jkf9rUKCKJqXh5y4peXPqA88WdX51Wa5fZib4WYTvd8JxlPm6","timestamp":"2022-07-10 08:02:15 PM +0200"}
